Arguments: 
  /home/reda/.nvm/versions/node/v10.23.0/bin/node /usr/share/yarn/bin/yarn.js add -D @types/omit-deep

PATH: 
  /home/reda/.nvm/versions/node/v10.23.0/bin:/home/reda/Android/sdk/tools:/home/reda/Android/sdk/platform-tools:/usr/local/sbin:/usr/local/bin:/usr/sbin:/usr/bin:/sbin:/bin:/usr/games:/usr/local/games:/snap/bin

Yarn version: 
  1.22.5

Node version: 
  10.23.0

Platform: 
  linux x64

Trace: 
  Error: https://registry.yarnpkg.com/@types%2fomit-deep: Not found
      at Request.params.callback [as _callback] (/usr/share/yarn/lib/cli.js:66988:18)
      at Request.self.callback (/usr/share/yarn/lib/cli.js:140749:22)
      at Request.emit (events.js:198:13)
      at Request.<anonymous> (/usr/share/yarn/lib/cli.js:141721:10)
      at Request.emit (events.js:198:13)
      at IncomingMessage.<anonymous> (/usr/share/yarn/lib/cli.js:141643:12)
      at Object.onceWrapper (events.js:286:20)
      at IncomingMessage.emit (events.js:203:15)
      at endReadableNT (_stream_readable.js:1145:12)
      at process._tickCallback (internal/process/next_tick.js:63:19)

npm manifest: 
  {
    "name": "apollo-remove-typename-mutation-link",
    "version": "1.0.1",
    "main": "index.js",
    "license": "MIT",
    "dependencies": {
      "@apollo/client": "^3.3.3",
      "omit-deep": "^0.3.0",
      "typescript": "^4.1.2"
    }
  }

yarn manifest: 
  No manifest

Lockfile: 
  # THIS IS AN AUTOGENERATED FILE. DO NOT EDIT THIS FILE DIRECTLY.
  # yarn lockfile v1
  
  
  "@apollo/client@^3.3.3":
    version "3.3.3"
    resolved "https://registry.yarnpkg.com/@apollo/client/-/client-3.3.3.tgz#97433fd50c498197afea2b8da4195d350daebb4c"
    integrity sha512-zs148iUbBgmeQFOc+Jc4/Cb3LK7urQuCQGHifviMp0ihxzbJ8rtj0hCVuQhWaZxZRcL5oZBCfIuL1O5xuvszmQ==
    dependencies:
      "@graphql-typed-document-node/core" "^3.0.0"
      "@types/zen-observable" "^0.8.0"
      "@wry/context" "^0.5.2"
      "@wry/equality" "^0.3.0"
      fast-json-stable-stringify "^2.0.0"
      graphql-tag "^2.11.0"
      hoist-non-react-statics "^3.3.2"
      optimism "^0.13.1"
      prop-types "^15.7.2"
      symbol-observable "^2.0.0"
      ts-invariant "^0.5.1"
      tslib "^1.10.0"
      zen-observable "^0.8.14"
  
  "@graphql-typed-document-node/core@^3.0.0":
    version "3.1.0"
    resolved "https://registry.yarnpkg.com/@graphql-typed-document-node/core/-/core-3.1.0.tgz#0eee6373e11418bfe0b5638f654df7a4ca6a3950"
    integrity sha512-wYn6r8zVZyQJ6rQaALBEln5B1pzxb9shV5Ef97kTvn6yVGrqyXVnDqnU24MXnFubR+rZjBY9NWuxX3FB2sTsjg==
  
  "@types/zen-observable@^0.8.0":
    version "0.8.1"
    resolved "https://registry.yarnpkg.com/@types/zen-observable/-/zen-observable-0.8.1.tgz#5668c0bce55a91f2b9566b1d8a4c0a8dbbc79764"
    integrity sha512-wmk0xQI6Yy7Fs/il4EpOcflG4uonUpYGqvZARESLc2oy4u69fkatFLbJOeW4Q6awO15P4rduAe6xkwHevpXcUQ==
  
  "@wry/context@^0.5.2":
    version "0.5.2"
    resolved "https://registry.yarnpkg.com/@wry/context/-/context-0.5.2.tgz#f2a5d5ab9227343aa74c81e06533c1ef84598ec7"
    integrity sha512-B/JLuRZ/vbEKHRUiGj6xiMojST1kHhu4WcreLfNN7q9DqQFrb97cWgf/kiYsPSUCAMVN0HzfFc8XjJdzgZzfjw==
    dependencies:
      tslib "^1.9.3"
  
  "@wry/equality@^0.3.0":
    version "0.3.0"
    resolved "https://registry.yarnpkg.com/@wry/equality/-/equality-0.3.0.tgz#4b022a0907f01f32c07a1a665d9430155a59ea06"
    integrity sha512-DRDAu/e3oWBj826OWNV/GCmSdHD248mASXImgNoLE/3SDvpgb+k6G/+TAmdpIB35ju264+kB22Rx92eXg52DnA==
    dependencies:
      tslib "^1.9.3"
  
  fast-json-stable-stringify@^2.0.0:
    version "2.1.0"
    resolved "https://registry.yarnpkg.com/fast-json-stable-stringify/-/fast-json-stable-stringify-2.1.0.tgz#874bf69c6f404c2b5d99c481341399fd55892633"
    integrity sha512-lhd/wF+Lk98HZoTCtlVraHtfh5XYijIjalXck7saUtuanSDyLMxnHhSXEDJqHxD7msR8D0uCmqlkwjCV8xvwHw==
  
  get-value@^2.0.3:
    version "2.0.6"
    resolved "https://registry.yarnpkg.com/get-value/-/get-value-2.0.6.tgz#dc15ca1c672387ca76bd37ac0a395ba2042a2c28"
    integrity sha1-3BXKHGcjh8p2vTesCjlbogQqLCg=
  
  graphql-tag@^2.11.0:
    version "2.11.0"
    resolved "https://registry.yarnpkg.com/graphql-tag/-/graphql-tag-2.11.0.tgz#1deb53a01c46a7eb401d6cb59dec86fa1cccbffd"
    integrity sha512-VmsD5pJqWJnQZMUeRwrDhfgoyqcfwEkvtpANqcoUG8/tOLkwNgU9mzub/Mc78OJMhHjx7gfAMTxzdG43VGg3bA==
  
  has-value@^0.3.1:
    version "0.3.1"
    resolved "https://registry.yarnpkg.com/has-value/-/has-value-0.3.1.tgz#7b1f58bada62ca827ec0a2078025654845995e1f"
    integrity sha1-ex9YutpiyoJ+wKIHgCVlSEWZXh8=
    dependencies:
      get-value "^2.0.3"
      has-values "^0.1.4"
      isobject "^2.0.0"
  
  has-values@^0.1.4:
    version "0.1.4"
    resolved "https://registry.yarnpkg.com/has-values/-/has-values-0.1.4.tgz#6d61de95d91dfca9b9a02089ad384bff8f62b771"
    integrity sha1-bWHeldkd/Km5oCCJrThL/49it3E=
  
  hoist-non-react-statics@^3.3.2:
    version "3.3.2"
    resolved "https://registry.yarnpkg.com/hoist-non-react-statics/-/hoist-non-react-statics-3.3.2.tgz#ece0acaf71d62c2969c2ec59feff42a4b1a85b45"
    integrity sha512-/gGivxi8JPKWNm/W0jSmzcMPpfpPLc3dY/6GxhX2hQ9iGj3aDfklV4ET7NjKpSinLpJ5vafa9iiGIEZg10SfBw==
    dependencies:
      react-is "^16.7.0"
  
  is-plain-object@^2.0.1:
    version "2.0.4"
    resolved "https://registry.yarnpkg.com/is-plain-object/-/is-plain-object-2.0.4.tgz#2c163b3fafb1b606d9d17928f05c2a1c38e07677"
    integrity sha512-h5PpgXkWitc38BBMYawTYMWJHFZJVnBquFE57xFpjB8pJFiF6gZ+bU+WyI/yqXiFR5mdLsgYNaPe8uao6Uv9Og==
    dependencies:
      isobject "^3.0.1"
  
  isarray@1.0.0:
    version "1.0.0"
    resolved "https://registry.yarnpkg.com/isarray/-/isarray-1.0.0.tgz#bb935d48582cba168c06834957a54a3e07124f11"
    integrity sha1-u5NdSFgsuhaMBoNJV6VKPgcSTxE=
  
  isobject@^2.0.0:
    version "2.1.0"
    resolved "https://registry.yarnpkg.com/isobject/-/isobject-2.1.0.tgz#f065561096a3f1da2ef46272f815c840d87e0c89"
    integrity sha1-8GVWEJaj8dou9GJy+BXIQNh+DIk=
    dependencies:
      isarray "1.0.0"
  
  isobject@^3.0.0, isobject@^3.0.1:
    version "3.0.1"
    resolved "https://registry.yarnpkg.com/isobject/-/isobject-3.0.1.tgz#4e431e92b11a9731636aa1f9c8d1ccbcfdab78df"
    integrity sha1-TkMekrEalzFjaqH5yNHMvP2reN8=
  
  "js-tokens@^3.0.0 || ^4.0.0":
    version "4.0.0"
    resolved "https://registry.yarnpkg.com/js-tokens/-/js-tokens-4.0.0.tgz#19203fb59991df98e3a287050d4647cdeaf32499"
    integrity sha512-RdJUflcE3cUzKiMqQgsCu06FPu9UdIJO0beYbPhHN4k6apgJtifcoCtT9bcxOpYBtpD2kCM6Sbzg4CausW/PKQ==
  
  loose-envify@^1.4.0:
    version "1.4.0"
    resolved "https://registry.yarnpkg.com/loose-envify/-/loose-envify-1.4.0.tgz#71ee51fa7be4caec1a63839f7e682d8132d30caf"
    integrity sha512-lyuxPGr/Wfhrlem2CL/UcnUc1zcqKAImBDzukY7Y5F/yQiNdko6+fRLevlw1HgMySw7f611UIY408EtxRSoK3Q==
    dependencies:
      js-tokens "^3.0.0 || ^4.0.0"
  
  object-assign@^4.1.1:
    version "4.1.1"
    resolved "https://registry.yarnpkg.com/object-assign/-/object-assign-4.1.1.tgz#2109adc7965887cfc05cbbd442cac8bfbb360863"
    integrity sha1-IQmtx5ZYh8/AXLvUQsrIv7s2CGM=
  
  omit-deep@^0.3.0:
    version "0.3.0"
    resolved "https://registry.yarnpkg.com/omit-deep/-/omit-deep-0.3.0.tgz#21c8af3499bcadd29651a232cbcacbc52445ebec"
    integrity sha1-IcivNJm8rdKWUaIyy8rLxSRF6+w=
    dependencies:
      is-plain-object "^2.0.1"
      unset-value "^0.1.1"
  
  optimism@^0.13.1:
    version "0.13.1"
    resolved "https://registry.yarnpkg.com/optimism/-/optimism-0.13.1.tgz#df2e6102c973f870d6071712fffe4866bb240384"
    integrity sha512-16RRVYZe8ODcUqpabpY7Gb91vCAbdhn8FHjlUb2Hqnjjow1j8Z1dlppds+yAsLbreNTVylLC+tNX6DuC2vt3Kw==
    dependencies:
      "@wry/context" "^0.5.2"
  
  prop-types@^15.7.2:
    version "15.7.2"
    resolved "https://registry.yarnpkg.com/prop-types/-/prop-types-15.7.2.tgz#52c41e75b8c87e72b9d9360e0206b99dcbffa6c5"
    integrity sha512-8QQikdH7//R2vurIJSutZ1smHYTcLpRWEOlHnzcWHmBYrOGUysKwSsrC89BCiFj3CbrfJ/nXFdJepOVrY1GCHQ==
    dependencies:
      loose-envify "^1.4.0"
      object-assign "^4.1.1"
      react-is "^16.8.1"
  
  react-is@^16.7.0, react-is@^16.8.1:
    version "16.13.1"
    resolved "https://registry.yarnpkg.com/react-is/-/react-is-16.13.1.tgz#789729a4dc36de2999dc156dd6c1d9c18cea56a4"
    integrity sha512-24e6ynE2H+OKt4kqsOvNd8kBpV65zoxbA4BVsEOB3ARVWQki/DHzaUoC5KuON/BiccDaCCTZBuOcfZs70kR8bQ==
  
  symbol-observable@^2.0.0:
    version "2.0.3"
    resolved "https://registry.yarnpkg.com/symbol-observable/-/symbol-observable-2.0.3.tgz#5b521d3d07a43c351055fa43b8355b62d33fd16a"
    integrity sha512-sQV7phh2WCYAn81oAkakC5qjq2Ml0g8ozqz03wOGnx9dDlG1de6yrF+0RAzSJD8fPUow3PTSMf2SAbOGxb93BA==
  
  ts-invariant@^0.5.1:
    version "0.5.1"
    resolved "https://registry.yarnpkg.com/ts-invariant/-/ts-invariant-0.5.1.tgz#4171fdb85f72a40381c147afd97c12154ada2abc"
    integrity sha512-k3UpDNrBZpqJFnAAkAHNmSHtNuCxcU6xLiziPgalHRKZHme6T6jnKC8CcXDmk1zbHLQM8pc+rNC1Q6FvXMAl+g==
    dependencies:
      tslib "^1.9.3"
  
  tslib@^1.10.0, tslib@^1.9.3:
    version "1.14.1"
    resolved "https://registry.yarnpkg.com/tslib/-/tslib-1.14.1.tgz#cf2d38bdc34a134bcaf1091c41f6619e2f672d00"
    integrity sha512-Xni35NKzjgMrwevysHTCArtLDpPvye8zV/0E4EyYn43P7/7qvQwPh9BGkHewbMulVntbigmcT7rdX3BNo9wRJg==
  
  typescript@^4.1.2:
    version "4.1.2"
    resolved "https://registry.yarnpkg.com/typescript/-/typescript-4.1.2.tgz#6369ef22516fe5e10304aae5a5c4862db55380e9"
    integrity sha512-thGloWsGH3SOxv1SoY7QojKi0tc+8FnOmiarEGMbd/lar7QOEd3hvlx3Fp5y6FlDUGl9L+pd4n2e+oToGMmhRQ==
  
  unset-value@^0.1.1:
    version "0.1.2"
    resolved "https://registry.yarnpkg.com/unset-value/-/unset-value-0.1.2.tgz#506810b867f27c2a5a6e9b04833631f6de58d310"
    integrity sha1-UGgQuGfyfCpabpsEgzYx9t5Y0xA=
    dependencies:
      has-value "^0.3.1"
      isobject "^3.0.0"
  
  zen-observable@^0.8.14:
    version "0.8.15"
    resolved "https://registry.yarnpkg.com/zen-observable/-/zen-observable-0.8.15.tgz#96415c512d8e3ffd920afd3889604e30b9eaac15"
    integrity sha512-PQ2PC7R9rslx84ndNBZB/Dkv8V8fZEpk83RLgXtYd0fwUgEjseMn1Dgajh2x6S8QbZAFa9p2qVCEuYZNgve0dQ==
